Release 14.7 Map P.20131013 (nt64)
Xilinx Mapping Report File for Design 'top_avr_core_v8'

Design Information
------------------
Command Line   : map -intstyle ise -p xc6slx9-tqg144-2 -w -logic_opt off -ol
high -t 1 -xt 0 -register_duplication off -r 4 -global_opt off -mt off -ir off
-pr off -lc off -power off -o top_avr_core_v8_map.ncd top_avr_core_v8.ngd
top_avr_core_v8.pcf 
Target Device  : xc6slx9
Target Package : tqg144
Target Speed   : -2
Mapper Version : spartan6 -- $Revision: 1.55 $
Mapped Date    : Mon Sep 08 16:40:10 2014

Design Summary
--------------
Number of errors:      0
Number of warnings:    3
Slice Logic Utilization:
  Number of Slice Registers:                   936 out of  11,440    8%
    Number used as Flip Flops:                 935
    Number used as Latches:                      1
    Number used as Latch-thrus:                  0
    Number used as AND/OR logics:                0
  Number of Slice LUTs:                      2,780 out of   5,720   48%
    Number used as logic:                    2,769 out of   5,720   48%
      Number using O6 output only:           2,366
      Number using O5 output only:              43
      Number using O5 and O6:                  360
      Number used as ROM:                        0
    Number used as Memory:                       5 out of   1,440    1%
      Number used as Dual Port RAM:              0
      Number used as Single Port RAM:            0
      Number used as Shift Register:             5
        Number using O6 output only:             5
        Number using O5 output only:             0
        Number using O5 and O6:                  0
    Number used exclusively as route-thrus:      6
      Number with same-slice register load:      4
      Number with same-slice carry load:         2
      Number with other load:                    0

Slice Logic Distribution:
  Number of occupied Slices:                   935 out of   1,430   65%
  Number of MUXCYs used:                       872 out of   2,860   30%
  Number of LUT Flip Flop pairs used:        2,953
    Number with an unused Flip Flop:         2,062 out of   2,953   69%
    Number with an unused LUT:                 173 out of   2,953    5%
    Number of fully used LUT-FF pairs:         718 out of   2,953   24%
    Number of unique control sets:             103
    Number of slice register sites lost
      to control set restrictions:             187 out of  11,440    1%

  A LUT Flip Flop pair for this architecture represents one LUT paired with
  one Flip Flop within a slice.  A control set is a unique combination of
  clock, reset, set, and enable signals for a registered element.
  The Slice Logic Distribution report is not meaningful if the design is
  over-mapped for a non-slice resource or if Placement fails.

IO Utilization:
  Number of bonded IOBs:                        51 out of     102   50%
    Number of LOCed IOBs:                       50 out of      51   98%

Specific Feature Utilization:
  Number of RAMB16BWERs:                        10 out of      32   31%
  Number of RAMB8BWERs:                          0 out of      64    0%
  Number of BUFIO2/BUFIO2_2CLKs:                 1 out of      32    3%
    Number used as BUFIO2s:                      1
    Number used as BUFIO2_2CLKs:                 0
  Number of BUFIO2FB/BUFIO2FB_2CLKs:             1 out of      32    3%
    Number used as BUFIO2FBs:                    1
    Number used as BUFIO2FB_2CLKs:               0
  Number of BUFG/BUFGMUXs:                       2 out of      16   12%
    Number used as BUFGs:                        2
    Number used as BUFGMUX:                      0
  Number of DCM/DCM_CLKGENs:                     1 out of       4   25%
    Number used as DCMs:                         1
    Number used as DCM_CLKGENs:                  0
  Number of ILOGIC2/ISERDES2s:                   0 out of     200    0%
  Number of IODELAY2/IODRP2/IODRP2_MCBs:         0 out of     200    0%
  Number of OLOGIC2/OSERDES2s:                   0 out of     200    0%
  Number of BSCANs:                              0 out of       4    0%
  Number of BUFHs:                               0 out of     128    0%
  Number of BUFPLLs:                             0 out of       8    0%
  Number of BUFPLL_MCBs:                         0 out of       4    0%
  Number of DSP48A1s:                            0 out of      16    0%
  Number of ICAPs:                               0 out of       1    0%
  Number of MCBs:                                0 out of       2    0%
  Number of PCILOGICSEs:                         0 out of       2    0%
  Number of PLL_ADVs:                            0 out of       2    0%
  Number of PMVs:                                0 out of       1    0%
  Number of STARTUPs:                            0 out of       1    0%
  Number of SUSPEND_SYNCs:                       0 out of       1    0%

Average Fanout of Non-Clock Nets:                3.18

Peak Memory Usage:  438 MB
Total REAL time to MAP completion:  57 secs 
Total CPU time to MAP completion:   55 secs 

Table of Contents
-----------------
Section 1 - Errors
Section 2 - Warnings
Section 3 - Informational
Section 4 - Removed Logic Summary
Section 5 - Removed Logic
Section 6 - IOB Properties
Section 7 - RPMs
Section 8 - Guide Report
Section 9 - Area Group and Partition Summary
Section 10 - Timing Report
Section 11 - Configuration String Information
Section 12 - Control Set Information
Section 13 - Utilization by Hierarchy

Section 1 - Errors
------------------

Section 2 - Warnings
--------------------
WARNING:Place:837 - Partially locked IO Bus is found. 
    Following components of the bus are not locked: 
   	 Comp: porta<0>

WARNING:Place:838 - An IO Bus with more than one IO standard is found.
   Components associated with this bus are as follows: 
   	 Comp: porta<0>   IOSTANDARD = LVCMOS25
   	 Comp: porta<1>   IOSTANDARD = LVCMOS33
   	 Comp: porta<2>   IOSTANDARD = LVCMOS33
   	 Comp: porta<3>   IOSTANDARD = LVCMOS33
   	 Comp: porta<4>   IOSTANDARD = LVCMOS33
   	 Comp: porta<5>   IOSTANDARD = LVCMOS33
   	 Comp: porta<6>   IOSTANDARD = LVCMOS33
   	 Comp: porta<7>   IOSTANDARD = LVCMOS33


WARNING:PhysDesignRules:372 - Gated clock. Clock net GND_13_o_GND_13_o_OR_1256_o
   is sourced by a combinatorial pin. This is not good design practice. Use the
   CE pin to control the loading of data into the flip-flop.

Section 3 - Informational
-------------------------
INFO:MapLib:562 - No environment variables are currently set.
INFO:MapLib:159 - Net Timing constraints on signal clk are pushed forward
   through input buffer.
INFO:Pack:1716 - Initializing temperature to 85.000 Celsius. (default - Range:
   0.000 to 85.000 Celsius)
INFO:Pack:1720 - Initializing voltage to 1.140 Volts. (default - Range: 1.140 to
   1.260 Volts)
INFO:Map:215 - The Interim Design Summary has been generated in the MAP Report
   (.mrp).
INFO:Place:834 - Only a subset of IOs are locked. Out of 51 IOs, 50 are locked
   and 1 are not locked. If you would like to print the names of these IOs,
   please set the environment variable XIL_PAR_DESIGN_CHECK_VERBOSE to 1. 
INFO:Pack:1650 - Map created a placed design.

Section 4 - Removed Logic Summary
---------------------------------
   2 block(s) optimized away

Section 5 - Removed Logic
-------------------------

Optimized Block(s):
TYPE 		BLOCK
GND 		XST_GND
VCC 		XST_VCC

To enable printing of redundant blocks removed and signals merged, set the
detailed map report option and rerun map.

Section 6 - IOB Properties
--------------------------

+---------------------------------------------------------------------------------------------------------------------------------------------------------+
| IOB Name                           | Type             | Direction | IO Standard          | Diff  | Drive    | Slew | Reg (s)      | Resistor | IOB      |
|                                    |                  |           |                      | Term  | Strength | Rate |              |          | Delay    |
+---------------------------------------------------------------------------------------------------------------------------------------------------------+
| clk                                | IOB              | INPUT     | LVCMOS25             |       |          |      |              |          |          |
| porta<0>                           | IOB              | BIDIR     | LVCMOS25             |       | 12       | SLOW |              |          |          |
| porta<1>                           | IOB              | BIDIR     | LVCMOS33             |       | 8        | FAST |              | PULLUP   |          |
| porta<2>                           | IOB              | BIDIR     | LVCMOS33             |       | 8        | FAST |              |          |          |
| porta<3>                           | IOB              | BIDIR     | LVCMOS33             |       | 8        | FAST |              |          |          |
| porta<4>                           | IOB              | BIDIR     | LVCMOS33             |       | 8        | FAST |              |          |          |
| porta<5>                           | IOB              | BIDIR     | LVCMOS33             |       | 8        | FAST |              |          |          |
| porta<6>                           | IOB              | BIDIR     | LVCMOS33             |       | 8        | FAST |              |          |          |
| porta<7>                           | IOB              | BIDIR     | LVCMOS33             |       | 8        | FAST |              |          |          |
| portb<0>                           | IOB              | BIDIR     | LVCMOS33             |       | 8        | FAST |              |          |          |
| portb<1>                           | IOB              | BIDIR     | LVCMOS33             |       | 8        | FAST |              |          |          |
| portb<2>                           | IOB              | BIDIR     | LVCMOS33             |       | 8        | FAST |              |          |          |
| portb<3>                           | IOB              | BIDIR     | LVCMOS33             |       | 8        | FAST |              |          |          |
| portb<4>                           | IOB              | BIDIR     | LVCMOS33             |       | 8        | FAST |              |          |          |
| portb<5>                           | IOB              | BIDIR     | LVCMOS33             |       | 8        | FAST |              |          |          |
| portb<6>                           | IOB              | BIDIR     | LVCMOS33             |       | 8        | FAST |              |          |          |
| portb<7>                           | IOB              | BIDIR     | LVCMOS33             |       | 8        | FAST |              |          |          |
| portc<0>                           | IOB              | BIDIR     | LVCMOS33             |       | 8        | FAST |              |          |          |
| portc<1>                           | IOB              | BIDIR     | LVCMOS33             |       | 8        | FAST |              |          |          |
| portc<2>                           | IOB              | BIDIR     | LVCMOS33             |       | 8        | FAST |              |          |          |
| portc<3>                           | IOB              | BIDIR     | LVCMOS33             |       | 8        | FAST |              |          |          |
| portc<4>                           | IOB              | BIDIR     | LVCMOS33             |       | 8        | FAST |              |          |          |
| portc<5>                           | IOB              | BIDIR     | LVCMOS33             |       | 8        | FAST |              |          |          |
| portc<6>                           | IOB              | BIDIR     | LVCMOS33             |       | 8        | FAST |              |          |          |
| portc<7>                           | IOB              | BIDIR     | LVCMOS33             |       | 8        | FAST |              |          |          |
| portd<0>                           | IOB              | BIDIR     | LVCMOS33             |       | 8        | FAST |              |          |          |
| portd<1>                           | IOB              | BIDIR     | LVCMOS33             |       | 8        | FAST |              |          |          |
| portd<2>                           | IOB              | BIDIR     | LVCMOS33             |       | 8        | FAST |              |          |          |
| portd<3>                           | IOB              | BIDIR     | LVCMOS33             |       | 8        | FAST |              |          |          |
| portd<4>                           | IOB              | BIDIR     | LVCMOS33             |       | 8        | FAST |              |          |          |
| portd<5>                           | IOB              | BIDIR     | LVCMOS33             |       | 8        | FAST |              |          |          |
| portd<6>                           | IOB              | BIDIR     | LVCMOS33             |       | 8        | FAST |              |          |          |
| portd<7>                           | IOB              | BIDIR     | LVCMOS33             |       | 8        | FAST |              |          |          |
| porte<0>                           | IOB              | BIDIR     | LVCMOS33             |       | 8        | FAST |              |          |          |
| porte<1>                           | IOB              | BIDIR     | LVCMOS33             |       | 8        | FAST |              |          |          |
| porte<2>                           | IOB              | BIDIR     | LVCMOS33             |       | 8        | FAST |              |          |          |
| porte<3>                           | IOB              | BIDIR     | LVCMOS33             |       | 8        | FAST |              |          |          |
| porte<4>                           | IOB              | BIDIR     | LVCMOS33             |       | 8        | FAST |              |          |          |
| porte<5>                           | IOB              | BIDIR     | LVCMOS33             |       | 8        | FAST |              |          |          |
| porte<6>                           | IOB              | BIDIR     | LVCMOS33             |       | 8        | FAST |              |          |          |
| porte<7>                           | IOB              | BIDIR     | LVCMOS33             |       | 8        | FAST |              |          |          |
| portf<0>                           | IOB              | BIDIR     | LVCMOS33             |       | 8        | FAST |              |          |          |
| portf<1>                           | IOB              | BIDIR     | LVCMOS33             |       | 8        | FAST |              |          |          |
| portf<2>                           | IOB              | BIDIR     | LVCMOS33             |       | 8        | FAST |              |          |          |
| portf<3>                           | IOB              | BIDIR     | LVCMOS33             |       | 8        | FAST |              |          |          |
| portf<4>                           | IOB              | BIDIR     | LVCMOS33             |       | 8        | FAST |              |          |          |
| portf<5>                           | IOB              | BIDIR     | LVCMOS33             |       | 8        | FAST |              |          |          |
| portf<6>                           | IOB              | BIDIR     | LVCMOS33             |       | 8        | FAST |              |          |          |
| portf<7>                           | IOB              | BIDIR     | LVCMOS33             |       | 8        | FAST |              |          |          |
| rxd                                | IOB              | INPUT     | LVCMOS33             |       |          |      |              |          |          |
| txd                                | IOB              | OUTPUT    | LVCMOS33             |       | 4        | SLOW |              |          |          |
+---------------------------------------------------------------------------------------------------------------------------------------------------------+

Section 7 - RPMs
----------------

Section 8 - Guide Report
------------------------
Guide not run on this design.

Section 9 - Area Group and Partition Summary
--------------------------------------------

Partition Implementation Status
-------------------------------

  No Partitions were found in this design.

-------------------------------

Area Group Information
----------------------

  No area groups were found in this design.

----------------------

Section 10 - Timing Report
--------------------------
A logic-level (pre-route) timing report can be generated by using Xilinx static
timing analysis tools, Timing Analyzer (GUI) or TRCE (command line), with the
mapped NCD and PCF files. Please note that this timing report will be generated
using estimated delay information. For accurate numbers, please generate a
timing report with the post Place and Route NCD file.

For more information about the Timing Analyzer, consult the Xilinx Timing
Analyzer Reference Manual; for more information about TRCE, consult the Xilinx
Command Line Tools User Guide "TRACE" chapter.

Section 11 - Configuration String Details
-----------------------------------------
Use the "-detail" map option to print out Configuration Strings

Section 12 - Control Set Information
------------------------------------
Use the "-detail" map option to print out Control Set Information.

Section 13 - Utilization by Hierarchy
-------------------------------------
Use the "-detail" map option to print out the Utilization by Hierarchy section.
